2020-04-03 12:55:33,680 DEBUG    root            Loaded Command Group: [u'gcloud', u'config']
2020-04-03 12:55:33,685 DEBUG    root            Loaded Command Group: [u'gcloud', u'config', u'config_helper']
2020-04-03 12:55:33,687 DEBUG    root            Running [gcloud.config.config-helper] with arguments: [--format: "json"]
2020-04-03 12:55:33,745 INFO     root            Display format: "default json"
2020-04-03 12:55:33,745 INFO     ___FILE_ONLY___ {
  "configuration": {
    "active_configuration": "default",
    "properties": {
      "core": {
        "account": "451696370421-compute@developer.gserviceaccount.com",
        "disable_usage_reporting": "True",
        "project": "pro1-265115"
      }
    }
  },
  "credential": {
    "access_token": "ya29.c.KmnFB19ML-zG587a85pqI1xAZPwiwuWIsVm4EFl5oVL6X9XgnYhuADv4RhBk7vs8p8Udv5fBUt1cATiYIoCrBoneKVyGFnG84mjOZXi033rnSWtnovVSk4XcgEdoDKIMa0nrsXaLk8HI6KI",
    "id_token": "eyJhbGciOiJSUzI1NiIsImtpZCI6IjI1N2Y2YTU4MjhkMWU0YTNhNmEwM2ZjZDFhMjQ2MWRiOTU5M2U2MjQiLCJ0eXAiOiJKV1QifQ.eyJhdWQiOiIzMjU1NTk0MDU1OS5hcHBzLmdvb2dsZXVzZXJjb250ZW50LmNvbSIsImF6cCI6IjEwNzg2ODcyMTk1OTI1MTY2MjM1NiIsImV4cCI6MTU4NTkyMjEzMywiaWF0IjoxNTg1OTE4NTMzLCJpc3MiOiJodHRwczovL2FjY291bnRzLmdvb2dsZS5jb20iLCJzdWIiOiIxMDc4Njg3MjE5NTkyNTE2NjIzNTYifQ.CfFBmG4NkAnwQMBDyDvKt6KiTx-yg-t5K8oL7WDJF1DH2Jsji0Nj3iPv3CkAz2FW1qwac_LQ1oXYJHYZXsDdYKmdBx-8d4kBxhAPGwoB6PFmW79wLoquH96ESUeMXsXSVOd3_DOshidoGG3rjnAdbl8KnJWbK5BplOoCgbvk9E4hy1FNBPb_rGn3VrqkY48l2RaUVdikOvke1DO43BndcGCtDdrAYhBw3Ag2ORfCCDGYlSGvPc0dzPh1LU_Wm6X76j7TDlHlXkkmmDQx9y-BKSu5A2PjW3YFpnQjzOeLGWm65HsPwDivu3FsNYlHb7B1zJPwOiQtNirQlyTHoACCtA",
    "token_expiry": "2020-04-03T13:55:23Z"
  },
  "sentinels": {
    "config_sentinel": "/home/rajkumar_akula001/.config/gcloud/config_sentinel"
  }
}
2020-04-03 12:55:33,746 INFO     ___FILE_ONLY___ 

2020-04-03 12:55:33,746 DEBUG    root            SDK update checks are disabled.
