2020-04-03 17:42:31,302 DEBUG    root            Loaded Command Group: [u'gcloud', u'config']
2020-04-03 17:42:31,304 DEBUG    root            Loaded Command Group: [u'gcloud', u'config', u'config_helper']
2020-04-03 17:42:31,307 DEBUG    root            Running [gcloud.config.config-helper] with arguments: [--format: "json"]
2020-04-03 17:42:31,332 INFO     root            Display format: "default json"
2020-04-03 17:42:31,333 INFO     ___FILE_ONLY___ {
  "configuration": {
    "active_configuration": "default",
    "properties": {
      "core": {
        "account": "451696370421-compute@developer.gserviceaccount.com",
        "disable_usage_reporting": "True",
        "project": "pro1-265115"
      }
    }
  },
  "credential": {
    "access_token": "ya29.c.KmnFB4r6g33Y-80xQn_7LA3TtQ3ViFCH8w2W8IsA_khCWxXNPzh-13jhRoatFpygo1XGFznc4KK2NWon2Fe-ZRcFp30WJNQaaIIVxBWYaiZ7J9-MXY6CqCg4xehyYUwctTTqTp3J_70y0gY",
    "id_token": "eyJhbGciOiJSUzI1NiIsImtpZCI6IjI1N2Y2YTU4MjhkMWU0YTNhNmEwM2ZjZDFhMjQ2MWRiOTU5M2U2MjQiLCJ0eXAiOiJKV1QifQ.eyJhdWQiOiIzMjU1NTk0MDU1OS5hcHBzLmdvb2dsZXVzZXJjb250ZW50LmNvbSIsImF6cCI6IjEwNzg2ODcyMTk1OTI1MTY2MjM1NiIsImV4cCI6MTU4NTkzOTM1MCwiaWF0IjoxNTg1OTM1NzUwLCJpc3MiOiJodHRwczovL2FjY291bnRzLmdvb2dsZS5jb20iLCJzdWIiOiIxMDc4Njg3MjE5NTkyNTE2NjIzNTYifQ.hmgtgt2ettuAmZEQAPuCrIy8GF6TEV081c7-DagvUdH0TzyvEq6P997EEeVm9L9pmDz7UISrsWnH6t8WnJ_NatrN1ZrwnNaJdYK1Z-_XQZojapA_kX3FMHF8jW9z7Ju4Fbf9eWj42T_ZlXZGcENH1t3ej99DjubnTpFcCYdhsQzFMvQ6N0uxyr6eh13QhTghJCHqFagaQT_35jDcAeGT5Nt0c7cp17rhgLaT5zGIBlhRwtoneVno1FTY_3Ta9c4Kd54HG9AMkhq1B5nxhJjAK6rsO8tqcbikmhpd3KkjYVHnZRkFfe0lz2bSo47KqmYRfwr-XKgXF_wllg-bby1qpQ",
    "token_expiry": "2020-04-03T18:42:18Z"
  },
  "sentinels": {
    "config_sentinel": "/home/rajkumar_akula001/.config/gcloud/config_sentinel"
  }
}
2020-04-03 17:42:31,333 INFO     ___FILE_ONLY___ 

2020-04-03 17:42:31,333 DEBUG    root            SDK update checks are disabled.
