2020-04-04 10:28:09,845 DEBUG    root            Loaded Command Group: [u'gcloud', u'config']
2020-04-04 10:28:09,847 DEBUG    root            Loaded Command Group: [u'gcloud', u'config', u'config_helper']
2020-04-04 10:28:09,849 DEBUG    root            Running [gcloud.config.config-helper] with arguments: [--format: "json"]
2020-04-04 10:28:09,884 INFO     root            Display format: "default json"
2020-04-04 10:28:09,885 INFO     ___FILE_ONLY___ {
  "configuration": {
    "active_configuration": "default",
    "properties": {
      "core": {
        "account": "451696370421-compute@developer.gserviceaccount.com",
        "disable_usage_reporting": "True",
        "project": "pro1-265115"
      }
    }
  },
  "credential": {
    "access_token": "ya29.c.KmnFB7VLbtxOnjC2HQG3NV1LfIC7q9UjOLVK8RPdhyzfkhyLIhsoykeHfxe7EP4BFJ8ZBXn8AATmZLBl8K3AaegFjtbOIpCF7bREMqDEwugrta2HDb81Wt2BgNW-xFppnIVQ0PZUkFnvgcI",
    "id_token": "eyJhbGciOiJSUzI1NiIsImtpZCI6IjI1N2Y2YTU4MjhkMWU0YTNhNmEwM2ZjZDFhMjQ2MWRiOTU5M2U2MjQiLCJ0eXAiOiJKV1QifQ.eyJhdWQiOiIzMjU1NTk0MDU1OS5hcHBzLmdvb2dsZXVzZXJjb250ZW50LmNvbSIsImF6cCI6IjEwNzg2ODcyMTk1OTI1MTY2MjM1NiIsImV4cCI6MTU4NTk5OTY4OSwiaWF0IjoxNTg1OTk2MDg5LCJpc3MiOiJodHRwczovL2FjY291bnRzLmdvb2dsZS5jb20iLCJzdWIiOiIxMDc4Njg3MjE5NTkyNTE2NjIzNTYifQ.e9bloHxPTEI_S1a_h4soQl1u8zVq9JoM938rEz0EQfwACz1nJcmDgUlN8qrLyWAkQBcLP-hqoIlhdlh274hFTyUBFFCv6fUYF598Ysux6IoOy8B8Bz7KxOa6fDbQ8wOErFiTJnfSn2VE2K1qK_6jxckvDApEBmQN83dnAx1JKL4ZqXpFhGfkvupGbT9n8t2vqYGPdTvtRatm6uhuY1K6Ay9uyIHzFIo-aTd0UvXxLtjfsOKMkTc4Byqca-sRlqyGJ4FqqqeTPWQ2vRAemcgapPXKGeCA5c0lDDBwSxU8l9rCTjW1P-vxzYCwcWGpNmSXvKbB15DXlyukqluE61RDDA",
    "token_expiry": "2020-04-04T11:27:58Z"
  },
  "sentinels": {
    "config_sentinel": "/home/rajkumar_akula001/.config/gcloud/config_sentinel"
  }
}
2020-04-04 10:28:09,886 INFO     ___FILE_ONLY___ 

2020-04-04 10:28:09,886 DEBUG    root            SDK update checks are disabled.
