2020-04-04 11:38:51,619 DEBUG    root            Loaded Command Group: [u'gcloud', u'config']
2020-04-04 11:38:51,621 DEBUG    root            Loaded Command Group: [u'gcloud', u'config', u'config_helper']
2020-04-04 11:38:51,624 DEBUG    root            Running [gcloud.config.config-helper] with arguments: [--format: "json"]
2020-04-04 11:38:51,695 INFO     root            Display format: "default json"
2020-04-04 11:38:51,696 INFO     ___FILE_ONLY___ {
  "configuration": {
    "active_configuration": "default",
    "properties": {
      "core": {
        "account": "451696370421-compute@developer.gserviceaccount.com",
        "disable_usage_reporting": "True",
        "project": "pro1-265115"
      }
    }
  },
  "credential": {
    "access_token": "ya29.c.KmnFB3rZimXHHb6wtMKWIMM2kkwHuhjMZwDl9RxbYlvFBz7Y0lVTyhELnFnx0xHMNi56jM99BOM8eiI0YSOLcKzh_CptV-Kr9JY2NFfoUlyl9uhZZ2trvR2mKCwouOg-drK29eo4QcIw7kA",
    "id_token": "eyJhbGciOiJSUzI1NiIsImtpZCI6IjI1N2Y2YTU4MjhkMWU0YTNhNmEwM2ZjZDFhMjQ2MWRiOTU5M2U2MjQiLCJ0eXAiOiJKV1QifQ.eyJhdWQiOiIzMjU1NTk0MDU1OS5hcHBzLmdvb2dsZXVzZXJjb250ZW50LmNvbSIsImF6cCI6IjEwNzg2ODcyMTk1OTI1MTY2MjM1NiIsImV4cCI6MTU4NjAwMzkzMSwiaWF0IjoxNTg2MDAwMzMxLCJpc3MiOiJodHRwczovL2FjY291bnRzLmdvb2dsZS5jb20iLCJzdWIiOiIxMDc4Njg3MjE5NTkyNTE2NjIzNTYifQ.ewbt8uIQZoCBsqmGLweL2XY27qFzBDgIU4zGdVDskQoFNf77sZR_O9mLCG7X3rhTmFJdFTJ2bONkccQg8WL0TiEyanMsTgPvuG5R5clDacxr2yTKky1rYLisWe232xJyQUzQevUg_TPe7utlaWKwehyksTy67Kv9G-8y256tVz1fx1Ob-bJGGCQpRROqpSkiy1dG48337n5tQcVl_8YVZf4iOHzxUoqmFWZUyykf0_GDMiS_YxLtfYHIJGJVyN7a2V_hcIPK1zrsEpBxn1FEVEg8cn7slMh_KGrfa_sA2kjmUDs5rfNUnxmodfnCsyGMNvY5DW-JI8z3lK8G9njvFw",
    "token_expiry": "2020-04-04T12:38:50Z"
  },
  "sentinels": {
    "config_sentinel": "/home/rajkumar_akula001/.config/gcloud/config_sentinel"
  }
}
2020-04-04 11:38:51,696 INFO     ___FILE_ONLY___ 

2020-04-04 11:38:51,696 DEBUG    root            SDK update checks are disabled.
